LOG:  database system was shut down at 2019-04-10 23:03:29 UTC
LOG:  starting up replication identifier with ckpt at 0/3220D30
LOG:  recovered replication state of node 1 to 0/3237C98
LOG:  MultiXact member wraparound protections are now enabled
LOG:  autovacuum launcher started
LOG:  starting background worker process "bdr supervisor"
LOG:  database system is ready to accept connections
LOG:  worker process: bdr supervisor (PID 41) exited with exit code 1
LOG:  starting logical decoding for slot "bdr_16384_6678401892023767080_1_16384__"
DETAIL:  streaming transactions committing after 0/3220CF8, reading WAL from 0/3220CF8
LOG:  logical decoding found consistent point at 0/3220CF8
DETAIL:  There are no running transactions.
LOG:  starting background worker process "bdr supervisor"
LOG:  registering background worker "bdr db: moodle"
LOG:  starting background worker process "bdr db: moodle"
LOG:  registering background worker "bdr (6678401888864649257,1,16384,)->bdr (6678401892023767080,1,"
LOG:  starting background worker process "bdr (6678401888864649257,1,16384,)->bdr (6678401892023767080,1,"
LOG:  DDL LOCK TRACE: acquiring in mode <write_lock> for (bdr (6678401888864649257,1,16384,)) [tracelevel=statement]
STATEMENT:  ALTER SEQUENCE mdl_question_calculated_id_seq INCREMENT BY 2;
LOG:  DDL LOCK TRACE: acquiring in mode <write_lock> for (bdr (6678401888864649257,1,16384,)) [tracelevel=statement]
STATEMENT:  ALTER SEQUENCE mdl_question_calculated_id_seq INCREMENT BY 2;
LOG:  received fast shutdown request
LOG:  aborting any active transactions
FATAL:  terminating connection due to administrator command
CONTEXT:  SQL statement "SELECT node_status FROM bdr.bdr_nodes WHERE node_sysid = $1 AND node_timeline = $2 AND node_dboid = $3"
FATAL:  terminating autovacuum process due to administrator command
LOG:  autovacuum launcher shutting down
LOG:  worker process: bdr supervisor (PID 43) exited with exit code 0
FATAL:  terminating connection due to administrator command
CONTEXT:  SQL statement "SELECT DISTINCT ON (conn_sysid, conn_timeline, conn_dboid)   conn_sysid, conn_timeline, conn_dboid,   conn_dsn, conn_apply_delay,   conn_replication_sets,   conn_origin_dboid <> 0 AS origin_is_my_id FROM bdr.bdr_connections INNER JOIN bdr.bdr_nodes   ON (conn_sysid = node_sysid AND       conn_timeline = node_timeline AND       conn_dboid = node_dboid) WHERE (conn_origin_sysid = '0'   AND  conn_origin_timeline = 0   AND  conn_origin_dboid = 0)    OR (conn_origin_sysid = $1   AND  conn_origin_timeline = $2   AND  conn_origin_dboid = $3)   AND node_status <> 'k'   AND NOT conn_is_unidirectional ORDER BY conn_sysid, conn_timeline, conn_dboid,          conn_origin_sysid ASC NULLS LAST,          conn_timeline ASC NULLS LAST,          conn_dboid ASC NULLS LAST "
LOG:  worker process: bdr db: moodle (PID 44) exited with exit code 1
LOG:  unregistering background worker "bdr supervisor"
LOG:  unexpected EOF on standby connection
LOG:  worker process: bdr (6678401888864649257,1,16384,)->bdr (6678401892023767080,1, (PID 45) exited with exit code 1
LOG:  shutting down
LOG:  database system is shut down
