LOG:  database system was shut down at 2019-04-11 20:21:47 UTC
LOG:  starting up replication identifier with ckpt at 0/346FF40
LOG:  recovered replication state of node 1 to 0/3488BD0
LOG:  MultiXact member wraparound protections are now enabled
LOG:  autovacuum launcher started
LOG:  starting background worker process "bdr supervisor"
LOG:  database system is ready to accept connections
LOG:  worker process: bdr supervisor (PID 40) exited with exit code 1
LOG:  starting background worker process "bdr supervisor"
LOG:  registering background worker "bdr db: moodle"
LOG:  starting background worker process "bdr db: moodle"
LOG:  registering background worker "bdr (6678401892023767080,1,16384,)->bdr (6678401888864649257,1,"
LOG:  starting background worker process "bdr (6678401892023767080,1,16384,)->bdr (6678401888864649257,1,"
LOG:  starting logical decoding for slot "bdr_16384_6678401888864649257_1_16384__"
DETAIL:  streaming transactions committing after 0/346DC60, reading WAL from 0/346DC60
LOG:  logical decoding found consistent point at 0/346DC60
DETAIL:  There are no running transactions.
LOG:  DDL LOCK TRACE: acquiring in mode <write_lock> for (bdr (6678401892023767080,1,16384,)) [tracelevel=statement]
STATEMENT:  ALTER SEQUENCE avapolos_sync_id_seq INCREMENT BY 2;
LOG:  unexpected EOF on standby connection
ERROR:  data stream ended
LOG:  worker process: bdr (6678401892023767080,1,16384,)->bdr (6678401888864649257,1, (PID 43) exited with exit code 1
LOG:  received fast shutdown request
LOG:  aborting any active transactions
FATAL:  terminating connection due to administrator command
CONTEXT:  SQL statement "SELECT node_status FROM bdr.bdr_nodes WHERE node_sysid = $1 AND node_timeline = $2 AND node_dboid = $3"
LOG:  worker process: bdr supervisor (PID 41) exited with exit code 0
LOG:  unregistering background worker "bdr supervisor"
LOG:  autovacuum launcher shutting down
LOG:  worker process: bdr db: moodle (PID 42) exited with exit code 1
LOG:  shutting down
LOG:  database system is shut down
