Argumentos passados: y 
 
--------------------
Exportação AVA-Polos
--------------------
Executando sincronização...
 ==================== Sincronização | STATUS = [INICIALIZANDO]
-> Stopping container DB_MASTER...
db_moodle_ies
-----> DOCKER DB_MASTER | STATUS = [OFF]
-> Stopping container DB_SYNC...
db_moodle_polo
----> DOCKER DB_SYNC | STATUS = [OFF]
-> Apagando logs antigos...
----> ...logs apagados.
-> Starting container DB_MASTER...
db_moodle_ies
-----> DOCKER DB_MASTER | STATUS = [ON]
-> Starting container DB_SYNC...
db_moodle_polo
----> DOCKER DB_SYNC | STATUS = [ON]
-> Sincronização em andamento | STATUS = [NÃO FINALIZADA]
-> Sincronização em andamento | STATUS = [NÃO FINALIZADA]
-> Stopping container DB_SYNC...
db_moodle_polo
----> DOCKER DB_SYNC | STATUS = [OFF]
----> Sincronização | STATUS = [FINALIZADA]
Parando serviços...
Finalizando containers
-> Stopping container WIKI...
wiki
db_wiki
----> DOCKER WIKI | STATUS = [OFF]
-> Stopping container MOODLE...
moodle
-----> DOCKER MOODLE | STATUS = [OFF]
-> Stopping container DB_MASTER...
db_moodle_ies
-----> DOCKER DB_MASTER | STATUS = [OFF]
-> Stopping container DB_SYNC...
db_moodle_polo
----> DOCKER DB_SYNC | STATUS = [OFF]
-> Stopping Educapes...
educapes
dspacedb
----> DOCKER EDUCAPES | STATUS = [OFF]
Copiando arquivos...
rm: não foi possível remover 'clone/temp/Import/*': Arquivo ou diretório inexistente
PostgreSQL selecionado
Compactando serviços, pode demorar um pouco...
Compactando clonagem, pode demorar um pouco...
Compactando instalador, pode demorar um pouco...
Header is 525 lines long

About to compress 1892160 KB of data...
Adding files to archive named "AVAPolos_instalador_POLO"...
./
./ava.desktop
./favicon.ico
./avapolos
./avapolos.sh
./run.sh
./startup.sh
./AVAPolos.tar.gz
./avapolos_new.sh
CRC: 1610596237
MD5: 855c3d87905ddef88c34340a19dba3b8

Self-extractable archive "AVAPolos_instalador_POLO" successfully created.
-> Starting container WIKI...
wiki
db_wiki
----> DOCKER WIKI | STATUS = [ON]
-> Starting container MOODLE...
moodle
-----> DOCKER MOODLE | STATUS = [ON]
-> Starting container DB_MASTER...
db_moodle_ies
-----> DOCKER DB_MASTER | STATUS = [ON]
-> Stopping container DB_SYNC...
db_moodle_polo
----> DOCKER DB_SYNC | STATUS = [OFF]

+------------------------------------------------------+
|                                                      |
|                      AVA-Polos                       |
|                                                      |
+------------------------------------------------------+
|                                                      |
|  Clonagem concluída!                                 |
|                                                      |
|  Aguarde a inicialização dos serviços.               |
|                                                      |
+------------------------------------------------------+

Mova o arquivo 'AVAPolos_instalador.tar.gz' para o disco removível.
Nautilus-Share-Message: 17:12:39.647: Called "net usershare info" but it failed: Falha ao executar processo filho “net” (No such file or directory)
Nautilus-Share-Message: 17:18:06.730: Called "net usershare info" but it failed: Falha ao executar processo filho “net” (No such file or directory)
