Argumentos passados: y postgresql 
Criando diretório de instalação.
Movendo arquivos de instalação.
Extraindo arquivos.
PostgreSQL selecionado.
 
--------------------
Instalando AVA-Polos
--------------------
 
Ubuntu 18.04 é compatível com AVAPolos, continuando...
 
-----------------
Instalando Docker
-----------------
(Lendo banco de dados ... 130677 ficheiros e directórios actualmente instalados.)
A preparar para desempacotar adduser_3.116ubuntu1_all.deb ...
A descompactar adduser (3.116ubuntu1) sobre (3.116ubuntu1) ...
A preparar para desempacotar cdebconf_0.213ubuntu1_amd64.deb ...
A descompactar cdebconf (0.213ubuntu1) sobre (0.213ubuntu1) ...
A seleccionar pacote anteriormente não seleccionado containerd.io.
A preparar para desempacotar containerd.io_1.2.5-1_amd64.deb ...
A descompactar containerd.io (1.2.5-1) ...
A preparar para desempacotar coreutils_8.28-1ubuntu1_amd64.deb ...
A descompactar coreutils (8.28-1ubuntu1) sobre (8.28-1ubuntu1) ...
A preparar para desempacotar debconf_1.5.66_all.deb ...
A descompactar debconf (1.5.66) sobre (1.5.66) ...
A seleccionar pacote anteriormente não seleccionado docker-ce.
A preparar para desempacotar docker-ce_5%3a18.09.5~3-0~ubuntu-bionic_amd64.deb ...
A descompactar docker-ce (5:18.09.5~3-0~ubuntu-bionic) ...
A seleccionar pacote anteriormente não seleccionado docker-ce-cli.
A preparar para desempacotar docker-ce-cli_5%3a18.09.5~3-0~ubuntu-bionic_amd64.deb ...
A descompactar docker-ce-cli (5:18.09.5~3-0~ubuntu-bionic) ...
A preparar para desempacotar dpkg_1.19.0.5ubuntu2.1_amd64.deb ...
A descompactar dpkg (1.19.0.5ubuntu2.1) sobre (1.19.0.5ubuntu2.1) ...
dpkg: aviso: a fazer downgrade a gcc-8-base:amd64 de 8.3.0-6ubuntu1~18.04 para 8.2.0-1ubuntu2~18.04
A preparar para desempacotar gcc-8-base_8.2.0-1ubuntu2~18.04_amd64.deb ...
A descompactar gcc-8-base:amd64 (8.2.0-1ubuntu2~18.04) sobre (8.3.0-6ubuntu1~18.04) ...
A preparar para desempacotar gcc-8-base_8.3.0-6ubuntu1~18.04_amd64.deb ...
A descompactar gcc-8-base:amd64 (8.3.0-6ubuntu1~18.04) sobre (8.2.0-1ubuntu2~18.04) ...
A preparar para desempacotar init-system-helpers_1.51_all.deb ...
A descompactar init-system-helpers (1.51) sobre (1.51) ...
A preparar para desempacotar iptables_1.6.1-2ubuntu2_amd64.deb ...
A descompactar iptables (1.6.1-2ubuntu2) sobre (1.6.1-2ubuntu2) ...
A preparar para desempacotar libacl1_2.2.52-3build1_amd64.deb ...
A descompactar libacl1:amd64 (2.2.52-3build1) sobre (2.2.52-3build1) ...
A preparar para desempacotar libattr1_1%3a2.4.47-2build1_amd64.deb ...
A descompactar libattr1:amd64 (1:2.4.47-2build1) sobre (1:2.4.47-2build1) ...
A preparar para desempacotar libaudit1_1%3a2.8.2-1ubuntu1_amd64.deb ...
A descompactar libaudit1:amd64 (1:2.8.2-1ubuntu1) sobre (1:2.8.2-1ubuntu1) ...
A preparar para desempacotar libaudit-common_1%3a2.8.2-1ubuntu1_all.deb ...
A descompactar libaudit-common (1:2.8.2-1ubuntu1) sobre (1:2.8.2-1ubuntu1) ...
A preparar para desempacotar libbsd0_0.8.7-1_amd64.deb ...
A descompactar libbsd0:amd64 (0.8.7-1) sobre (0.8.7-1) ...
A preparar para desempacotar libbz2-1.0_1.0.6-8.1_amd64.deb ...
A descompactar libbz2-1.0:amd64 (1.0.6-8.1) sobre (1.0.6-8.1) ...
A preparar para desempacotar libc6_2.27-3ubuntu1_amd64.deb ...
A descompactar libc6:amd64 (2.27-3ubuntu1) sobre (2.27-3ubuntu1) ...
A preparar para desempacotar libcap-ng0_0.7.7-3.1_amd64.deb ...
A descompactar libcap-ng0:amd64 (0.7.7-3.1) sobre (0.7.7-3.1) ...
A preparar para desempacotar libcom-err2_1.44.1-1ubuntu1.1_amd64.deb ...
A descompactar libcom-err2:amd64 (1.44.1-1ubuntu1.1) sobre (1.44.1-1ubuntu1.1) ...
A preparar para desempacotar libdb5.3_5.3.28-13.1ubuntu1_amd64.deb ...
A descompactar libdb5.3:amd64 (5.3.28-13.1ubuntu1) sobre (5.3.28-13.1ubuntu1) ...
A preparar para desempacotar libdebian-installer4_0.110ubuntu2_amd64.deb ...
A descompactar libdebian-installer4:amd64 (0.110ubuntu2) sobre (0.110ubuntu2) ...
A preparar para desempacotar libedit2_3.1-20170329-1_amd64.deb ...
A descompactar libedit2:amd64 (3.1-20170329-1) sobre (3.1-20170329-1) ...
dpkg: aviso: a fazer downgrade a libgcc1:amd64 de 1:8.3.0-6ubuntu1~18.04 para 1:8.2.0-1ubuntu2~18.04
A preparar para desempacotar libgcc1_1%3a8.2.0-1ubuntu2~18.04_amd64.deb ...
A descompactar libgcc1:amd64 (1:8.2.0-1ubuntu2~18.04) sobre (1:8.3.0-6ubuntu1~18.04) ...
A preparar para desempacotar libgcc1_1%3a8.3.0-6ubuntu1~18.04_amd64.deb ...
A descompactar libgcc1:amd64 (1:8.3.0-6ubuntu1~18.04) sobre (1:8.2.0-1ubuntu2~18.04) ...
A preparar para desempacotar libgcrypt20_1.8.1-4ubuntu1.1_amd64.deb ...
A descompactar libgcrypt20:amd64 (1.8.1-4ubuntu1.1) sobre (1.8.1-4ubuntu1.1) ...
A preparar para desempacotar libgpg-error0_1.27-6_amd64.deb ...
A descompactar libgpg-error0:amd64 (1.27-6) sobre (1.27-6) ...
A preparar para desempacotar libgssapi-krb5-2_1.16-2ubuntu0.1_amd64.deb ...
A descompactar libgssapi-krb5-2:amd64 (1.16-2ubuntu0.1) sobre (1.16-2ubuntu0.1) ...
A preparar para desempacotar libip4tc0_1.6.1-2ubuntu2_amd64.deb ...
A descompactar libip4tc0:amd64 (1.6.1-2ubuntu2) sobre (1.6.1-2ubuntu2) ...
A preparar para desempacotar libip6tc0_1.6.1-2ubuntu2_amd64.deb ...
A descompactar libip6tc0:amd64 (1.6.1-2ubuntu2) sobre (1.6.1-2ubuntu2) ...
A preparar para desempacotar libiptc0_1.6.1-2ubuntu2_amd64.deb ...
A descompactar libiptc0:amd64 (1.6.1-2ubuntu2) sobre (1.6.1-2ubuntu2) ...
A preparar para desempacotar libk5crypto3_1.16-2ubuntu0.1_amd64.deb ...
A descompactar libk5crypto3:amd64 (1.16-2ubuntu0.1) sobre (1.16-2ubuntu0.1) ...
A preparar para desempacotar libkeyutils1_1.5.9-9.2ubuntu2_amd64.deb ...
A descompactar libkeyutils1:amd64 (1.5.9-9.2ubuntu2) sobre (1.5.9-9.2ubuntu2) ...
A preparar para desempacotar libkrb5-3_1.16-2ubuntu0.1_amd64.deb ...
A descompactar libkrb5-3:amd64 (1.16-2ubuntu0.1) sobre (1.16-2ubuntu0.1) ...
A preparar para desempacotar libkrb5support0_1.16-2ubuntu0.1_amd64.deb ...
A descompactar libkrb5support0:amd64 (1.16-2ubuntu0.1) sobre (1.16-2ubuntu0.1) ...
A preparar para desempacotar liblz4-1_0.0~r131-2ubuntu3_amd64.deb ...
A descompactar liblz4-1:amd64 (0.0~r131-2ubuntu3) sobre (0.0~r131-2ubuntu3) ...
A preparar para desempacotar liblzma5_5.2.2-1.3_amd64.deb ...
A descompactar liblzma5:amd64 (5.2.2-1.3) sobre (5.2.2-1.3) ...
A preparar para desempacotar libmnl0_1.0.4-2_amd64.deb ...
A descompactar libmnl0:amd64 (1.0.4-2) sobre (1.0.4-2) ...
A preparar para desempacotar libncurses5_6.1-1ubuntu1.18.04_amd64.deb ...
A descompactar libncurses5:amd64 (6.1-1ubuntu1.18.04) sobre (6.1-1ubuntu1.18.04) ...
A preparar para desempacotar libncursesw5_6.1-1ubuntu1.18.04_amd64.deb ...
A descompactar libncursesw5:amd64 (6.1-1ubuntu1.18.04) sobre (6.1-1ubuntu1.18.04) ...
A preparar para desempacotar libnetfilter-conntrack3_1.0.6-2_amd64.deb ...
A descompactar libnetfilter-conntrack3:amd64 (1.0.6-2) sobre (1.0.6-2) ...
A preparar para desempacotar libnewt0.52_0.52.20-1ubuntu1_amd64.deb ...
A descompactar libnewt0.52:amd64 (0.52.20-1ubuntu1) sobre (0.52.20-1ubuntu1) ...
A preparar para desempacotar libnfnetlink0_1.0.1-3_amd64.deb ...
A descompactar libnfnetlink0:amd64 (1.0.1-3) sobre (1.0.1-3) ...
A preparar para desempacotar libpam0g_1.1.8-3.6ubuntu2.18.04.1_amd64.deb ...
A descompactar libpam0g:amd64 (1.1.8-3.6ubuntu2.18.04.1) sobre (1.1.8-3.6ubuntu2.18.04.1) ...
A preparar para desempacotar libpam-modules_1.1.8-3.6ubuntu2.18.04.1_amd64.deb ...
A descompactar libpam-modules:amd64 (1.1.8-3.6ubuntu2.18.04.1) sobre (1.1.8-3.6ubuntu2.18.04.1) ...
A preparar para desempacotar libpam-modules-bin_1.1.8-3.6ubuntu2.18.04.1_amd64.deb ...
A descompactar libpam-modules-bin (1.1.8-3.6ubuntu2.18.04.1) sobre (1.1.8-3.6ubuntu2.18.04.1) ...
A preparar para desempacotar libpam-runtime_1.1.8-3.6ubuntu2.18.04.1_all.deb ...
A descompactar libpam-runtime (1.1.8-3.6ubuntu2.18.04.1) sobre (1.1.8-3.6ubuntu2.18.04.1) ...
A preparar para desempacotar libpcre3_2%3a8.39-9_amd64.deb ...
A descompactar libpcre3:amd64 (2:8.39-9) sobre (2:8.39-9) ...
A preparar para desempacotar libprocps6_2%3a3.3.12-3ubuntu1.1_amd64.deb ...
A descompactar libprocps6:amd64 (2:3.3.12-3ubuntu1.1) sobre (2:3.3.12-3ubuntu1.1) ...
A preparar para desempacotar libseccomp2_2.3.1-2.1ubuntu4.1_amd64.deb ...
A descompactar libseccomp2:amd64 (2.3.1-2.1ubuntu4.1) sobre (2.3.1-2.1ubuntu4.1) ...
A preparar para desempacotar libselinux1_2.7-2build2_amd64.deb ...
A descompactar libselinux1:amd64 (2.7-2build2) sobre (2.7-2build2) ...
A preparar para desempacotar libsemanage1_2.7-2build2_amd64.deb ...
A descompactar libsemanage1:amd64 (2.7-2build2) sobre (2.7-2build2) ...
A preparar para desempacotar libsemanage-common_2.7-2build2_all.deb ...
A descompactar libsemanage-common (2.7-2build2) sobre (2.7-2build2) ...
A preparar para desempacotar libsepol1_2.7-1_amd64.deb ...
A descompactar libsepol1:amd64 (2.7-1) sobre (2.7-1) ...
A preparar para desempacotar libslang2_2.3.1a-3ubuntu1_amd64.deb ...
A descompactar libslang2:amd64 (2.3.1a-3ubuntu1) sobre (2.3.1a-3ubuntu1) ...
A preparar para desempacotar libssl1.0.0_1.0.2n-1ubuntu5.3_amd64.deb ...
A descompactar libssl1.0.0:amd64 (1.0.2n-1ubuntu5.3) sobre (1.0.2n-1ubuntu5.3) ...
dpkg: aviso: a fazer downgrade a libstdc++6:amd64 de 8.3.0-6ubuntu1~18.04 para 8.2.0-1ubuntu2~18.04
A preparar para desempacotar libstdc++6_8.2.0-1ubuntu2~18.04_amd64.deb ...
A descompactar libstdc++6:amd64 (8.2.0-1ubuntu2~18.04) sobre (8.3.0-6ubuntu1~18.04) ...
A preparar para desempacotar libstdc++6_8.3.0-6ubuntu1~18.04_amd64.deb ...
A descompactar libstdc++6:amd64 (8.3.0-6ubuntu1~18.04) sobre (8.2.0-1ubuntu2~18.04) ...
A preparar para desempacotar libsystemd0_237-3ubuntu10.21_amd64.deb ...
A descompactar libsystemd0:amd64 (237-3ubuntu10.21) sobre (237-3ubuntu10.21) ...
A preparar para desempacotar libtextwrap1_0.1-14.1_amd64.deb ...
A descompactar libtextwrap1:amd64 (0.1-14.1) sobre (0.1-14.1) ...
A preparar para desempacotar libtinfo5_6.1-1ubuntu1.18.04_amd64.deb ...
A descompactar libtinfo5:amd64 (6.1-1ubuntu1.18.04) sobre (6.1-1ubuntu1.18.04) ...
A preparar para desempacotar libwrap0_7.6.q-27_amd64.deb ...
A descompactar libwrap0:amd64 (7.6.q-27) sobre (7.6.q-27) ...
A preparar para desempacotar libxtables12_1.6.1-2ubuntu2_amd64.deb ...
A descompactar libxtables12:amd64 (1.6.1-2ubuntu2) sobre (1.6.1-2ubuntu2) ...
A preparar para desempacotar libzstd1_1.3.3+dfsg-2ubuntu1_amd64.deb ...
A descompactar libzstd1:amd64 (1.3.3+dfsg-2ubuntu1) sobre (1.3.3+dfsg-2ubuntu1) ...
A preparar para desempacotar lsb-base_9.20170808ubuntu1_all.deb ...
A descompactar lsb-base (9.20170808ubuntu1) sobre (9.20170808ubuntu1) ...
A seleccionar pacote anteriormente não seleccionado makeself.
A preparar para desempacotar makeself_2.2.0+git20161230-1_all.deb ...
A descompactar makeself (2.2.0+git20161230-1) ...
A preparar para desempacotar multiarch-support_2.27-3ubuntu1_amd64.deb ...
A descompactar multiarch-support (2.27-3ubuntu1) sobre (2.27-3ubuntu1) ...
A preparar para desempacotar net-tools_1.60+git20161116.90da8a0-1ubuntu1_amd64.deb ...
A descompactar net-tools (1.60+git20161116.90da8a0-1ubuntu1) sobre (1.60+git20161116.90da8a0-1ubuntu1) ...
A preparar para desempacotar openssh-client_1%3a7.6p1-4ubuntu0.3_amd64.deb ...
A descompactar openssh-client (1:7.6p1-4ubuntu0.3) sobre (1:7.6p1-4ubuntu0.3) ...
A preparar para desempacotar openssh-server_1%3a7.6p1-4ubuntu0.3_amd64.deb ...
A descompactar openssh-server (1:7.6p1-4ubuntu0.3) sobre (1:7.6p1-4ubuntu0.3) ...
A preparar para desempacotar openssh-sftp-server_1%3a7.6p1-4ubuntu0.3_amd64.deb ...
A descompactar openssh-sftp-server (1:7.6p1-4ubuntu0.3) sobre (1:7.6p1-4ubuntu0.3) ...
A preparar para desempacotar passwd_1%3a4.5-1ubuntu1_amd64.deb ...
A descompactar passwd (1:4.5-1ubuntu1) sobre (1:4.5-1ubuntu1) ...
A preparar para desempacotar passwd_1%3a4.5-1ubuntu2_amd64.deb ...
A descompactar passwd (1:4.5-1ubuntu2) sobre (1:4.5-1ubuntu1) ...
A preparar para desempacotar perl-base_5.26.1-6ubuntu0.3_amd64.deb ...
A descompactar perl-base (5.26.1-6ubuntu0.3) sobre (5.26.1-6ubuntu0.3) ...
A preparar para desempacotar procps_2%3a3.3.12-3ubuntu1.1_amd64.deb ...
A descompactar procps (2:3.3.12-3ubuntu1.1) sobre (2:3.3.12-3ubuntu1.1) ...
A preparar para desempacotar sensible-utils_0.0.12_all.deb ...
A descompactar sensible-utils (0.0.12) sobre (0.0.12) ...
A preparar para desempacotar tar_1.29b-2ubuntu0.1_amd64.deb ...
A descompactar tar (1.29b-2ubuntu0.1) sobre (1.29b-2ubuntu0.1) ...
A preparar para desempacotar ucf_3.0038_all.deb ...
A descompactar ucf (3.0038) sobre (3.0038) ...
A preparar para desempacotar unrar_1%3a5.5.8-1_amd64.deb ...
A descompactar unrar (1:5.5.8-1) sobre (1:5.5.8-1) ...
A preparar para desempacotar zlib1g_1%3a1.2.11.dfsg-0ubuntu2_amd64.deb ...
A descompactar zlib1g:amd64 (1:1.2.11.dfsg-0ubuntu2) sobre (1:1.2.11.dfsg-0ubuntu2) ...
Mais de uma cópia do pacote gcc-8-base:amd64 foi desempacotada
 nesta execução! Configurando-o somente uma vez.
Mais de uma cópia do pacote libgcc1:amd64 foi desempacotada
 nesta execução! Configurando-o somente uma vez.
Mais de uma cópia do pacote libstdc++6:amd64 foi desempacotada
 nesta execução! Configurando-o somente uma vez.
Mais de uma cópia do pacote passwd foi desempacotada
 nesta execução! Configurando-o somente uma vez.
Configurando gcc-8-base:amd64 (8.3.0-6ubuntu1~18.04) ...
Configurando libaudit-common (1:2.8.2-1ubuntu1) ...
Configurando libsemanage-common (2.7-2build2) ...
Configurando lsb-base (9.20170808ubuntu1) ...
Configurando makeself (2.2.0+git20161230-1) ...
Configurando sensible-utils (0.0.12) ...
Configurando libc6:amd64 (2.27-3ubuntu1) ...
Configurando libcap-ng0:amd64 (0.7.7-3.1) ...
Configurando libcom-err2:amd64 (1.44.1-1ubuntu1.1) ...
Configurando libdb5.3:amd64 (5.3.28-13.1ubuntu1) ...
Configurando libdebian-installer4:amd64 (0.110ubuntu2) ...
Configurando libgcc1:amd64 (1:8.3.0-6ubuntu1~18.04) ...
Configurando libgpg-error0:amd64 (1.27-6) ...
Configurando libip4tc0:amd64 (1.6.1-2ubuntu2) ...
Configurando libip6tc0:amd64 (1.6.1-2ubuntu2) ...
Configurando libiptc0:amd64 (1.6.1-2ubuntu2) ...
Configurando libkeyutils1:amd64 (1.5.9-9.2ubuntu2) ...
Configurando libkrb5support0:amd64 (1.16-2ubuntu0.1) ...
Configurando liblz4-1:amd64 (0.0~r131-2ubuntu3) ...
Configurando liblzma5:amd64 (5.2.2-1.3) ...
Configurando libmnl0:amd64 (1.0.4-2) ...
Configurando libpcre3:amd64 (2:8.39-9) ...
Configurando libseccomp2:amd64 (2.3.1-2.1ubuntu4.1) ...
Configurando libselinux1:amd64 (2.7-2build2) ...
Configurando libsepol1:amd64 (2.7-1) ...
Configurando libslang2:amd64 (2.3.1a-3ubuntu1) ...
Configurando libstdc++6:amd64 (8.3.0-6ubuntu1~18.04) ...
Configurando libtextwrap1:amd64 (0.1-14.1) ...
Configurando libtinfo5:amd64 (6.1-1ubuntu1.18.04) ...
Configurando libwrap0:amd64 (7.6.q-27) ...
Configurando libxtables12:amd64 (1.6.1-2ubuntu2) ...
Configurando libzstd1:amd64 (1.3.3+dfsg-2ubuntu1) ...
Configurando multiarch-support (2.27-3ubuntu1) ...
Configurando net-tools (1.60+git20161116.90da8a0-1ubuntu1) ...
Configurando unrar (1:5.5.8-1) ...
Configurando zlib1g:amd64 (1:1.2.11.dfsg-0ubuntu2) ...
Configurando containerd.io (1.2.5-1) ...
Created symlink /etc/systemd/system/multi-user.target.wants/containerd.service → /lib/systemd/system/containerd.service.
Configurando docker-ce-cli (5:18.09.5~3-0~ubuntu-bionic) ...
Configurando libattr1:amd64 (1:2.4.47-2build1) ...
Configurando libaudit1:amd64 (1:2.8.2-1ubuntu1) ...
Configurando libbsd0:amd64 (0.8.7-1) ...
Configurando libbz2-1.0:amd64 (1.0.6-8.1) ...
Configurando libedit2:amd64 (3.1-20170329-1) ...
Configurando libgcrypt20:amd64 (1.8.1-4ubuntu1.1) ...
Configurando libk5crypto3:amd64 (1.16-2ubuntu0.1) ...
Configurando libkrb5-3:amd64 (1.16-2ubuntu0.1) ...
Configurando libncurses5:amd64 (6.1-1ubuntu1.18.04) ...
Configurando libncursesw5:amd64 (6.1-1ubuntu1.18.04) ...
Configurando libnewt0.52:amd64 (0.52.20-1ubuntu1) ...
Configurando libnfnetlink0:amd64 (1.0.1-3) ...
Configurando libsemanage1:amd64 (2.7-2build2) ...
Configurando libsystemd0:amd64 (237-3ubuntu10.21) ...
Configurando libacl1:amd64 (2.2.52-3build1) ...
Configurando libgssapi-krb5-2:amd64 (1.16-2ubuntu0.1) ...
Configurando libnetfilter-conntrack3:amd64 (1.0.6-2) ...
Configurando libprocps6:amd64 (2:3.3.12-3ubuntu1.1) ...
Configurando tar (1.29b-2ubuntu0.1) ...
Configurando coreutils (8.28-1ubuntu1) ...
Configurando dpkg (1.19.0.5ubuntu2.1) ...
Configurando iptables (1.6.1-2ubuntu2) ...
Configurando perl-base (5.26.1-6ubuntu0.3) ...
Configurando debconf (1.5.66) ...
Configurando docker-ce (5:18.09.5~3-0~ubuntu-bionic) ...
update-alternatives: a usar /usr/bin/dockerd-ce para disponibilizar /usr/bin/dockerd (dockerd) em modo auto
Created symlink /etc/systemd/system/multi-user.target.wants/docker.service → /lib/systemd/system/docker.service.
Created symlink /etc/systemd/system/sockets.target.wants/docker.socket → /lib/systemd/system/docker.socket.
Configurando init-system-helpers (1.51) ...
Configurando libpam0g:amd64 (1.1.8-3.6ubuntu2.18.04.1) ...
Configurando libpam-modules-bin (1.1.8-3.6ubuntu2.18.04.1) ...
Configurando libssl1.0.0:amd64 (1.0.2n-1ubuntu5.3) ...
Configurando procps (2:3.3.12-3ubuntu1.1) ...
Configurando ucf (3.0038) ...
Configurando cdebconf (0.213ubuntu1) ...
Configurando libpam-modules:amd64 (1.1.8-3.6ubuntu2.18.04.1) ...
Configurando libpam-runtime (1.1.8-3.6ubuntu2.18.04.1) ...
Configurando passwd (1:4.5-1ubuntu2) ...
Configurando adduser (3.116ubuntu1) ...
Configurando openssh-client (1:7.6p1-4ubuntu0.3) ...
Configurando openssh-sftp-server (1:7.6p1-4ubuntu0.3) ...
Configurando openssh-server (1:7.6p1-4ubuntu0.3) ...
A processar 'triggers' para man-db (2.8.3-2) ...
A processar 'triggers' para install-info (6.5.0.dfsg.1-2) ...
A processar 'triggers' para ureadahead (0.100.0-20) ...
ureadahead will be reprofiled on next reboot
A processar 'triggers' para systemd (237-3ubuntu10.21) ...
A processar 'triggers' para libc-bin (2.27-3ubuntu1) ...
A processar 'triggers' para ufw (0.35-5) ...
A processar 'triggers' para mime-support (3.60ubuntu1) ...
Docker instalado com sucesso.
Criando usuário avapolos.
useradd: usuário 'avapolos' já existe
Digite a nova senha UNIX: Redigite a nova senha UNIX: passwd: senha atualizada com sucesso
UID: 1001
 
------------------
Instalando Compose
------------------
Compose instalado com sucesso.
 
------------------
Carregando imagens
------------------
postgresql selecionado.
Loaded image: avapolos/postgres_bdr:master
Loaded image: avapolos/backup:stable
Loaded image: avapolos/webserver:lite
Loaded image: brendowdf/dspace-educapes:latest
Loaded image: brendowdf/dspace-postgres-educapes:latest
Imagens carregadas com sucesso.
 
-------------------
Instalando Serviços
-------------------
Ip detectado: 10.229.4.126
PostgreSQL
install_services.sh: linha 80: //FIXME:: Arquivo ou diretório inexistente
Serviços instalados com sucesso.
 
---------------------------------
Limpando e organizando diretórios
---------------------------------

+------------------------------------------------------+
|                                                      |
|                      AVA-Polos                       |
|                                                      |
+------------------------------------------------------+
|                                                      |
|  Instalação Concluída!                               |
|                                                      |
|  Aguarde a inicialização dos serviços.               |
|                                                      |
+------------------------------------------------------+

Creating network "avapolos_avapolos_network" with driver "bridge"
Creating db_wiki ... 
Creating moodle  ... 
Creating db_moodle_polo ... 
Creating db_moodle_ies  ... 
Creating dspacedb       ... 
Creating wiki           ... 
[5A[2KCreating moodle         ... [32mdone[0m[5B[4A[2KCreating db_moodle_polo ... [32mdone[0m[4B[6A[2KCreating db_wiki        ... [32mdone[0m[6B[3A[2KCreating db_moodle_ies  ... [32mdone[0m[3B[1A[2KCreating wiki           ... [32mdone[0m[1B[2A[2KCreating dspacedb       ... [32mdone[0m[2BCreating educapes       ... 
[1A[2KCreating educapes       ... [32mdone[0m[1B-> Starting container WIKI...
wiki
db_wiki
----> DOCKER WIKI | STATUS = [ON]
-> Starting container MOODLE...
moodle
-----> DOCKER MOODLE | STATUS = [ON]
-> Starting container DB_MASTER...
db_moodle_ies
-----> DOCKER DB_MASTER | STATUS = [ON]
-> Stopping container DB_SYNC...
db_moodle_polo
----> DOCKER DB_SYNC | STATUS = [OFF]
-> Starting Educapes...
dspacedb
educapes
----> DOCKER EDUCAPES | STATUS = [ON]

+------------------------------------------------------+
|                                                      |
|  Serviços iniciados!                                 |
|                                                      |
|  Acesse o seguinte endereço no seu navegador:        |
|                                                      |
|  http://avapolos/                                    |
|                                                      |
+------------------------------------------------------+

